ec
accents
algorithm
amstext
arabi
array
babel
bm
booktabs
braille
breakurl
CJKutf8
calc
color
csquotes
cyrillic
endnotes
enumitem
esint
eso-pic
fontspec
hhline
ifthen
greek-inputenc
fancybox
fancyhdr
fixltx2e
fix-cm
float
framed
geometry
graphicx
hyperref
hyphenat
japanese
lettrine
listings
lithuanian
longtable
luainputenc
mathdots
mathrsfs
mhchem
mongolian
multirow
natbib
nicefrac
nomencl
pdfcolmk
polyglossia
pdfpages
prettyref
preview
refstyle
rotating
rotfloat
serbianc
setspace
slashed
soul
splitidx
subfig
subscript
textcomp
turkmen
ulem
units
url
varioref
wrapfig
xargs
xcolor
xkeyval
braket
cancel
caption
colortbl
diagbox
etoolbox
eurosym
fp
marginnote
picinpar
pict2e
sidecap
upgreek
psnfss
avant
bookman
chancery
charter
courier
helvet
mathpazo
mathpple
mathptm
mathptmx
newcent
pifont
utopia
ae
bera
cmbright
eco
feyn
fourier
lmodern
symbol
tipa
tipx
tone
zhmetrics
ascii
bbding
ifsym
marvosym
pmboxdraw
textgreek
txfonts
wasysym
endnotes
fancyvrb
fancyhdr
enumitem
braille
natbib
endnotes
